Start testing: Apr 30 14:58 CEST
----------------------------------------------------------
1/1 Testing: FirstTest
1/1 Test: FirstTest
Command: "/home/cheg/Repos/Master/Spike/build/Test"
Directory: /home/cheg/Repos/Master/Spike/build
"FirstTest" start time: Apr 30 14:58 CEST
Output:
----------------------------------------------------------

~~~~~~~~~~~~~~~~~~~~~~~~~~~~~~~~~~~~~~~~~~~~~~~~~~~~~~~~~~~~~~~~~~~~~~~~~~~~~~~
Test is a Catch v2.7.2 host application.
Run with -? for options

-------------------------------------------------------------------------------
2: Factorial of 0 is 1 (fail)
-------------------------------------------------------------------------------
/home/cheg/Repos/Master/Spike/test/tests.cpp:8
...............................................................................

/home/cheg/Repos/Master/Spike/test/tests.cpp:9: FAILED:
  REQUIRE( Factorial(0) == 1 )
with expansion:
  0 == 1

===============================================================================
test cases: 3 | 2 passed | 1 failed
assertions: 5 | 4 passed | 1 failed

<end of output>
Test time =   0.00 sec
----------------------------------------------------------
Test Failed.
"FirstTest" end time: Apr 30 14:58 CEST
"FirstTest" time elapsed: 00:00:00
----------------------------------------------------------

End testing: Apr 30 14:58 CEST
